

Version:	3.50
CmdLine:	C:\Users\10376\Programming\IdeaProjects\DepthMap\out\artifacts\DepthMap_jar\DepthMap.exe --l4j-debug
JNI:		No
WOW64:		Yes
Working dir:	C:\Users\10376\Programming\IdeaProjects\DepthMap\out\artifacts\DepthMap_jar\.
Requires JDK:	No
Requires 64-Bit: No
Java min ver:	
Java max ver:	
Substitute:	JAVA_HOME = 
Substitute:	PATH = C:\Program Files (x86)\Common Files\Oracle\Java\javapath;C:\Windows\system32;C:\Windows;C:\Windows\System32\Wbem;C:\Windows\System32\WindowsPowerShell\v1.0\;C:\Windows\System32\OpenSSH\;C:\Program Files\dotnet\;C:\Program Files\Git\cmd;C:\Program Files (x86)\NVIDIA Corporation\PhysX\Common;C:\Program Files\NVIDIA Corporation\NVIDIA NvDLISR;C:\Program Files (x86)\Microsoft SQL Server\160\Tools\Binn\;C:\Program Files\Microsoft SQL Server\160\Tools\Binn\;C:\Program Files\Microsoft SQL Server\Client SDK\ODBC\170\Tools\Binn\;C:\Program Files\Microsoft SQL Server\160\DTS\Binn\;C:\Program Files (x86)\Microsoft SQL Server\160\DTS\Binn\;C:\Program Files\Azure Data Studio\bin;C:\Users\10376\AppData\Local\Programs\Python\Python36\Scripts\;C:\Users\10376\AppData\Local\Programs\Python\Python36\;C:\Users\10376\AppData\Local\Programs\Python\Python310\Scripts\;C:\Users\10376\AppData\Local\Programs\Python\Python310\;C:\Users\10376\AppData\Local\Programs\Python\Python311\Scripts\;C:\Users\10376\AppData\Local\Programs\Python\Python311\;C:\Users\10376\AppData\Local\Microsoft\WindowsApps;C:\Users\10376\Programs\IntelliJ IDEA Community Edition 2022.2.1\bin;C:\Users\10376\Programs\Microsoft VS Code\bin;C:\Users\10376\Programs\DataSpell 2022.2.1\bin;C:\Program Files\JetBrains\PyCharm Community Edition 2022.3\bin;C:\Program Files (x86)\Java\jre-1.8\bin
JRE paths:	;C:\Program Files (x86)\Common Files\Oracle\Java\javapath;C:\Windows\system32;C:\Windows;C:\Windows\System32\Wbem;C:\Windows\System32\WindowsPowerShell\v1.0\;C:\Windows\System32\OpenSSH\;C:\Program Files\dotnet\;C:\Program Files\Git\cmd;C:\Program Files (x86)\NVIDIA Corporation\PhysX\Common;C:\Program Files\NVIDIA Corporation\NVIDIA NvDLISR;C:\Program Files (x86)\Microsoft SQL Server\160\Tools\Binn\;C:\Program Files\Microsoft SQL Server\160\Tools\Binn\;C:\Program Files\Microsoft SQL Server\Client SDK\ODBC\170\Tools\Binn\;C:\Program Files\Microsoft SQL Server\160\DTS\Binn\;C:\Program Files (x86)\Microsoft SQL Server\160\DTS\Binn\;C:\Program Files\Azure Data Studio\bin;C:\Users\10376\AppData\Local\Programs\Python\Python36\Scripts\;C:\Users\10376\AppData\Local\Programs\Python\Python36\;C:\Users\10376\AppData\Local\Programs\Python\Python310\Scripts\;C:\Users\10376\AppData\Local\Programs\Python\Python310\;C:\Users\10376\AppData\Local\Programs\Python\Python311\Scripts\;C:\Users\10376\AppData\Local\Programs\Python\Python311\;C:\Users\10376\AppData\Local\Microsoft\WindowsApps;C:\Users\10376\Programs\IntelliJ IDEA Community Edition 2022.2.1\bin;C:\Users\10376\Programs\Microsoft VS Code\bin;C:\Users\10376\Programs\DataSpell 2022.2.1\bin;C:\Program Files\JetBrains\PyCharm Community Edition 2022.3\bin;C:\Program Files (x86)\Java\jre-1.8\bin
Check launcher:	C:\Program Files (x86)\Common Files\Oracle\Java\javapath\bin\javaw.exe (not found)
Check launcher:	C:\Windows\system32\bin\javaw.exe (not found)
Check launcher:	C:\Windows\bin\javaw.exe (not found)
Check launcher:	C:\Windows\System32\Wbem\bin\javaw.exe (not found)
Check launcher:	C:\Windows\System32\WindowsPowerShell\v1.0\bin\javaw.exe (not found)
Check launcher:	C:\Windows\System32\OpenSSH\bin\javaw.exe (not found)
Check launcher:	C:\Program Files\dotnet\bin\javaw.exe (not found)
Check launcher:	C:\Program Files\Git\cmd\bin\javaw.exe (not found)
Check launcher:	C:\Program Files (x86)\NVIDIA Corporation\PhysX\Common\bin\javaw.exe (not found)
Check launcher:	C:\Program Files\NVIDIA Corporation\NVIDIA NvDLISR\bin\javaw.exe (not found)
Check launcher:	C:\Program Files (x86)\Microsoft SQL Server\160\Tools\Binn\bin\javaw.exe (not found)
Check launcher:	C:\Program Files\Microsoft SQL Server\160\Tools\Binn\bin\javaw.exe (not found)
Check launcher:	C:\Program Files\Microsoft SQL Server\Client SDK\ODBC\170\Tools\Binn\bin\javaw.exe (not found)
Check launcher:	C:\Program Files\Microsoft SQL Server\160\DTS\Binn\bin\javaw.exe (not found)
Check launcher:	C:\Program Files (x86)\Microsoft SQL Server\160\DTS\Binn\bin\javaw.exe (not found)
Check launcher:	C:\Program Files\Azure Data Studio\bin\javaw.exe (not found)
Check launcher:	C:\Users\10376\AppData\Local\Programs\Python\Python36\Scripts\bin\javaw.exe (not found)
Check launcher:	C:\Users\10376\AppData\Local\Programs\Python\Python36\bin\javaw.exe (not found)
Check launcher:	C:\Users\10376\AppData\Local\Programs\Python\Python310\Scripts\bin\javaw.exe (not found)
Check launcher:	C:\Users\10376\AppData\Local\Programs\Python\Python310\bin\javaw.exe (not found)
Check launcher:	C:\Users\10376\AppData\Local\Programs\Python\Python311\Scripts\bin\javaw.exe (not found)
Check launcher:	C:\Users\10376\AppData\Local\Programs\Python\Python311\bin\javaw.exe (not found)
Check launcher:	C:\Users\10376\AppData\Local\Microsoft\WindowsApps\bin\javaw.exe (not found)
Check launcher:	C:\Users\10376\Programs\IntelliJ IDEA Community Edition 2022.2.1\bin\javaw.exe (not found)
Check launcher:	C:\Users\10376\Programs\Microsoft VS Code\bin\javaw.exe (not found)
Check launcher:	C:\Users\10376\Programs\DataSpell 2022.2.1\bin\javaw.exe (not found)
Check launcher:	C:\Program Files\JetBrains\PyCharm Community Edition 2022.3\bin\javaw.exe (not found)
Check launcher:	C:\Program Files (x86)\Java\jre-1.8\bin\javaw.exe (OK)
Version string: 1.008.000_371 / 32-Bit (OK)
Launcher:	C:\Program Files (x86)\Java\jre-1.8\bin\javaw.exe
Launcher args:	-jar "C:\Users\10376\Programming\IdeaProjects\DepthMap\out\artifacts\DepthMap_jar\DepthMap.exe"
Args length:	95/32768 chars
Exit code:	0


Version:	3.50
CmdLine:	C:\Users\10376\Programming\IdeaProjects\DepthMap\out\artifacts\DepthMap_jar\DepthMap.exe --l4j-debug
JNI:		No
WOW64:		Yes
Working dir:	C:\Users\10376\Programming\IdeaProjects\DepthMap\out\artifacts\DepthMap_jar\.
Requires JDK:	No
Requires 64-Bit: No
Java min ver:	
Java max ver:	
Substitute:	JAVA_HOME = 
Substitute:	PATH = C:\Program Files (x86)\Common Files\Oracle\Java\javapath;C:\Windows\system32;C:\Windows;C:\Windows\System32\Wbem;C:\Windows\System32\WindowsPowerShell\v1.0\;C:\Windows\System32\OpenSSH\;C:\Program Files\dotnet\;C:\Program Files\Git\cmd;C:\Program Files (x86)\NVIDIA Corporation\PhysX\Common;C:\Program Files\NVIDIA Corporation\NVIDIA NvDLISR;C:\Program Files (x86)\Microsoft SQL Server\160\Tools\Binn\;C:\Program Files\Microsoft SQL Server\160\Tools\Binn\;C:\Program Files\Microsoft SQL Server\Client SDK\ODBC\170\Tools\Binn\;C:\Program Files\Microsoft SQL Server\160\DTS\Binn\;C:\Program Files (x86)\Microsoft SQL Server\160\DTS\Binn\;C:\Program Files\Azure Data Studio\bin;C:\Users\10376\AppData\Local\Programs\Python\Python36\Scripts\;C:\Users\10376\AppData\Local\Programs\Python\Python36\;C:\Users\10376\AppData\Local\Programs\Python\Python310\Scripts\;C:\Users\10376\AppData\Local\Programs\Python\Python310\;C:\Users\10376\AppData\Local\Programs\Python\Python311\Scripts\;C:\Users\10376\AppData\Local\Programs\Python\Python311\;C:\Users\10376\AppData\Local\Microsoft\WindowsApps;C:\Users\10376\Programs\IntelliJ IDEA Community Edition 2022.2.1\bin;C:\Users\10376\Programs\Microsoft VS Code\bin;C:\Users\10376\Programs\DataSpell 2022.2.1\bin;C:\Program Files\JetBrains\PyCharm Community Edition 2022.3\bin;C:\Program Files (x86)\Java\jre-1.8\bin
JRE paths:	;C:\Program Files (x86)\Common Files\Oracle\Java\javapath;C:\Windows\system32;C:\Windows;C:\Windows\System32\Wbem;C:\Windows\System32\WindowsPowerShell\v1.0\;C:\Windows\System32\OpenSSH\;C:\Program Files\dotnet\;C:\Program Files\Git\cmd;C:\Program Files (x86)\NVIDIA Corporation\PhysX\Common;C:\Program Files\NVIDIA Corporation\NVIDIA NvDLISR;C:\Program Files (x86)\Microsoft SQL Server\160\Tools\Binn\;C:\Program Files\Microsoft SQL Server\160\Tools\Binn\;C:\Program Files\Microsoft SQL Server\Client SDK\ODBC\170\Tools\Binn\;C:\Program Files\Microsoft SQL Server\160\DTS\Binn\;C:\Program Files (x86)\Microsoft SQL Server\160\DTS\Binn\;C:\Program Files\Azure Data Studio\bin;C:\Users\10376\AppData\Local\Programs\Python\Python36\Scripts\;C:\Users\10376\AppData\Local\Programs\Python\Python36\;C:\Users\10376\AppData\Local\Programs\Python\Python310\Scripts\;C:\Users\10376\AppData\Local\Programs\Python\Python310\;C:\Users\10376\AppData\Local\Programs\Python\Python311\Scripts\;C:\Users\10376\AppData\Local\Programs\Python\Python311\;C:\Users\10376\AppData\Local\Microsoft\WindowsApps;C:\Users\10376\Programs\IntelliJ IDEA Community Edition 2022.2.1\bin;C:\Users\10376\Programs\Microsoft VS Code\bin;C:\Users\10376\Programs\DataSpell 2022.2.1\bin;C:\Program Files\JetBrains\PyCharm Community Edition 2022.3\bin;C:\Program Files (x86)\Java\jre-1.8\bin
Check launcher:	C:\Program Files (x86)\Common Files\Oracle\Java\javapath\bin\javaw.exe (not found)
Check launcher:	C:\Windows\system32\bin\javaw.exe (not found)
Check launcher:	C:\Windows\bin\javaw.exe (not found)
Check launcher:	C:\Windows\System32\Wbem\bin\javaw.exe (not found)
Check launcher:	C:\Windows\System32\WindowsPowerShell\v1.0\bin\javaw.exe (not found)
Check launcher:	C:\Windows\System32\OpenSSH\bin\javaw.exe (not found)
Check launcher:	C:\Program Files\dotnet\bin\javaw.exe (not found)
Check launcher:	C:\Program Files\Git\cmd\bin\javaw.exe (not found)
Check launcher:	C:\Program Files (x86)\NVIDIA Corporation\PhysX\Common\bin\javaw.exe (not found)
Check launcher:	C:\Program Files\NVIDIA Corporation\NVIDIA NvDLISR\bin\javaw.exe (not found)
Check launcher:	C:\Program Files (x86)\Microsoft SQL Server\160\Tools\Binn\bin\javaw.exe (not found)
Check launcher:	C:\Program Files\Microsoft SQL Server\160\Tools\Binn\bin\javaw.exe (not found)
Check launcher:	C:\Program Files\Microsoft SQL Server\Client SDK\ODBC\170\Tools\Binn\bin\javaw.exe (not found)
Check launcher:	C:\Program Files\Microsoft SQL Server\160\DTS\Binn\bin\javaw.exe (not found)
Check launcher:	C:\Program Files (x86)\Microsoft SQL Server\160\DTS\Binn\bin\javaw.exe (not found)
Check launcher:	C:\Program Files\Azure Data Studio\bin\javaw.exe (not found)
Check launcher:	C:\Users\10376\AppData\Local\Programs\Python\Python36\Scripts\bin\javaw.exe (not found)
Check launcher:	C:\Users\10376\AppData\Local\Programs\Python\Python36\bin\javaw.exe (not found)
Check launcher:	C:\Users\10376\AppData\Local\Programs\Python\Python310\Scripts\bin\javaw.exe (not found)
Check launcher:	C:\Users\10376\AppData\Local\Programs\Python\Python310\bin\javaw.exe (not found)
Check launcher:	C:\Users\10376\AppData\Local\Programs\Python\Python311\Scripts\bin\javaw.exe (not found)
Check launcher:	C:\Users\10376\AppData\Local\Programs\Python\Python311\bin\javaw.exe (not found)
Check launcher:	C:\Users\10376\AppData\Local\Microsoft\WindowsApps\bin\javaw.exe (not found)
Check launcher:	C:\Users\10376\Programs\IntelliJ IDEA Community Edition 2022.2.1\bin\javaw.exe (not found)
Check launcher:	C:\Users\10376\Programs\Microsoft VS Code\bin\javaw.exe (not found)
Check launcher:	C:\Users\10376\Programs\DataSpell 2022.2.1\bin\javaw.exe (not found)
Check launcher:	C:\Program Files\JetBrains\PyCharm Community Edition 2022.3\bin\javaw.exe (not found)
Check launcher:	C:\Program Files (x86)\Java\jre-1.8\bin\javaw.exe (OK)
Version string: 1.008.000_371 / 32-Bit (OK)
Launcher:	C:\Program Files (x86)\Java\jre-1.8\bin\javaw.exe
Launcher args:	-jar "C:\Users\10376\Programming\IdeaProjects\DepthMap\out\artifacts\DepthMap_jar\DepthMap.exe"
Args length:	95/32768 chars
Exit code:	0


Version:	3.50
CmdLine:	C:\Users\10376\Programming\IdeaProjects\DepthMap\out\artifacts\DepthMap_jar\DepthMap.exe --l4j-debug
JNI:		No
WOW64:		Yes
Working dir:	C:\Users\10376\Programming\IdeaProjects\DepthMap\out\artifacts\DepthMap_jar\.
Requires JDK:	No
Requires 64-Bit: No
Java min ver:	
Java max ver:	
Substitute:	JAVA_HOME = 
JRE paths:	
Error msg:	This application requires a Java Runtime Environment.
Error:		—истеме не удаетс€ найти указанный параметр среды.



Version:	3.50
CmdLine:	C:\Users\10376\Programming\IdeaProjects\DepthMap\out\artifacts\DepthMap_jar\DepthMap.exe --l4j-debug
JNI:		No
WOW64:		Yes
Working dir:	C:\Users\10376\Programming\IdeaProjects\DepthMap\out\artifacts\DepthMap_jar\.
Requires JDK:	No
Requires 64-Bit: No
Java min ver:	
Java max ver:	
Substitute:	JAVA_HOME = 
Substitute:	PATH = C:\Program Files (x86)\Common Files\Oracle\Java\javapath;C:\Windows\system32;C:\Windows;C:\Windows\System32\Wbem;C:\Windows\System32\WindowsPowerShell\v1.0\;C:\Windows\System32\OpenSSH\;C:\Program Files\dotnet\;C:\Program Files\Git\cmd;C:\Program Files (x86)\NVIDIA Corporation\PhysX\Common;C:\Program Files\NVIDIA Corporation\NVIDIA NvDLISR;C:\Program Files (x86)\Microsoft SQL Server\160\Tools\Binn\;C:\Program Files\Microsoft SQL Server\160\Tools\Binn\;C:\Program Files\Microsoft SQL Server\Client SDK\ODBC\170\Tools\Binn\;C:\Program Files\Microsoft SQL Server\160\DTS\Binn\;C:\Program Files (x86)\Microsoft SQL Server\160\DTS\Binn\;C:\Program Files\Azure Data Studio\bin;C:\Users\10376\AppData\Local\Programs\Python\Python36\Scripts\;C:\Users\10376\AppData\Local\Programs\Python\Python36\;C:\Users\10376\AppData\Local\Programs\Python\Python310\Scripts\;C:\Users\10376\AppData\Local\Programs\Python\Python310\;C:\Users\10376\AppData\Local\Programs\Python\Python311\Scripts\;C:\Users\10376\AppData\Local\Programs\Python\Python311\;C:\Users\10376\AppData\Local\Microsoft\WindowsApps;C:\Users\10376\Programs\IntelliJ IDEA Community Edition 2022.2.1\bin;C:\Users\10376\Programs\Microsoft VS Code\bin;C:\Users\10376\Programs\DataSpell 2022.2.1\bin;C:\Program Files\JetBrains\PyCharm Community Edition 2022.3\bin;C:\Program Files (x86)\Java\jre-1.8\bin
JRE paths:	;C:\Program Files (x86)\Common Files\Oracle\Java\javapath;C:\Windows\system32;C:\Windows;C:\Windows\System32\Wbem;C:\Windows\System32\WindowsPowerShell\v1.0\;C:\Windows\System32\OpenSSH\;C:\Program Files\dotnet\;C:\Program Files\Git\cmd;C:\Program Files (x86)\NVIDIA Corporation\PhysX\Common;C:\Program Files\NVIDIA Corporation\NVIDIA NvDLISR;C:\Program Files (x86)\Microsoft SQL Server\160\Tools\Binn\;C:\Program Files\Microsoft SQL Server\160\Tools\Binn\;C:\Program Files\Microsoft SQL Server\Client SDK\ODBC\170\Tools\Binn\;C:\Program Files\Microsoft SQL Server\160\DTS\Binn\;C:\Program Files (x86)\Microsoft SQL Server\160\DTS\Binn\;C:\Program Files\Azure Data Studio\bin;C:\Users\10376\AppData\Local\Programs\Python\Python36\Scripts\;C:\Users\10376\AppData\Local\Programs\Python\Python36\;C:\Users\10376\AppData\Local\Programs\Python\Python310\Scripts\;C:\Users\10376\AppData\Local\Programs\Python\Python310\;C:\Users\10376\AppData\Local\Programs\Python\Python311\Scripts\;C:\Users\10376\AppData\Local\Programs\Python\Python311\;C:\Users\10376\AppData\Local\Microsoft\WindowsApps;C:\Users\10376\Programs\IntelliJ IDEA Community Edition 2022.2.1\bin;C:\Users\10376\Programs\Microsoft VS Code\bin;C:\Users\10376\Programs\DataSpell 2022.2.1\bin;C:\Program Files\JetBrains\PyCharm Community Edition 2022.3\bin;C:\Program Files (x86)\Java\jre-1.8\bin
Check launcher:	C:\Program Files (x86)\Common Files\Oracle\Java\javapath\bin\javaw.exe (not found)
Check launcher:	C:\Windows\system32\bin\javaw.exe (not found)
Check launcher:	C:\Windows\bin\javaw.exe (not found)
Check launcher:	C:\Windows\System32\Wbem\bin\javaw.exe (not found)
Check launcher:	C:\Windows\System32\WindowsPowerShell\v1.0\bin\javaw.exe (not found)
Check launcher:	C:\Windows\System32\OpenSSH\bin\javaw.exe (not found)
Check launcher:	C:\Program Files\dotnet\bin\javaw.exe (not found)
Check launcher:	C:\Program Files\Git\cmd\bin\javaw.exe (not found)
Check launcher:	C:\Program Files (x86)\NVIDIA Corporation\PhysX\Common\bin\javaw.exe (not found)
Check launcher:	C:\Program Files\NVIDIA Corporation\NVIDIA NvDLISR\bin\javaw.exe (not found)
Check launcher:	C:\Program Files (x86)\Microsoft SQL Server\160\Tools\Binn\bin\javaw.exe (not found)
Check launcher:	C:\Program Files\Microsoft SQL Server\160\Tools\Binn\bin\javaw.exe (not found)
Check launcher:	C:\Program Files\Microsoft SQL Server\Client SDK\ODBC\170\Tools\Binn\bin\javaw.exe (not found)
Check launcher:	C:\Program Files\Microsoft SQL Server\160\DTS\Binn\bin\javaw.exe (not found)
Check launcher:	C:\Program Files (x86)\Microsoft SQL Server\160\DTS\Binn\bin\javaw.exe (not found)
Check launcher:	C:\Program Files\Azure Data Studio\bin\javaw.exe (not found)
Check launcher:	C:\Users\10376\AppData\Local\Programs\Python\Python36\Scripts\bin\javaw.exe (not found)
Check launcher:	C:\Users\10376\AppData\Local\Programs\Python\Python36\bin\javaw.exe (not found)
Check launcher:	C:\Users\10376\AppData\Local\Programs\Python\Python310\Scripts\bin\javaw.exe (not found)
Check launcher:	C:\Users\10376\AppData\Local\Programs\Python\Python310\bin\javaw.exe (not found)
Check launcher:	C:\Users\10376\AppData\Local\Programs\Python\Python311\Scripts\bin\javaw.exe (not found)
Check launcher:	C:\Users\10376\AppData\Local\Programs\Python\Python311\bin\javaw.exe (not found)
Check launcher:	C:\Users\10376\AppData\Local\Microsoft\WindowsApps\bin\javaw.exe (not found)
Check launcher:	C:\Users\10376\Programs\IntelliJ IDEA Community Edition 2022.2.1\bin\javaw.exe (not found)
Check launcher:	C:\Users\10376\Programs\Microsoft VS Code\bin\javaw.exe (not found)
Check launcher:	C:\Users\10376\Programs\DataSpell 2022.2.1\bin\javaw.exe (not found)
Check launcher:	C:\Program Files\JetBrains\PyCharm Community Edition 2022.3\bin\javaw.exe (not found)
Check launcher:	C:\Program Files (x86)\Java\jre-1.8\bin\javaw.exe (OK)
Version string: 1.008.000_371 / 32-Bit (OK)
Launcher:	C:\Program Files (x86)\Java\jre-1.8\bin\javaw.exe
Launcher args:	-jar "C:\Users\10376\Programming\IdeaProjects\DepthMap\out\artifacts\DepthMap_jar\DepthMap.exe"
Args length:	95/32768 chars
Exit code:	0


Version:	3.50
CmdLine:	C:\Users\10376\Programming\IdeaProjects\DepthMap\out\artifacts\DepthMap_jar\DepthMap.exe --l4j-debug
JNI:		No
WOW64:		Yes
Working dir:	C:\Users\10376\Programming\IdeaProjects\DepthMap\out\artifacts\DepthMap_jar\.
Requires JDK:	No
Requires 64-Bit: No
Java min ver:	
Java max ver:	
Substitute:	JAVA_HOME = 
Substitute:	PATH = C:\Program Files (x86)\Common Files\Oracle\Java\javapath;C:\Windows\system32;C:\Windows;C:\Windows\System32\Wbem;C:\Windows\System32\WindowsPowerShell\v1.0\;C:\Windows\System32\OpenSSH\;C:\Program Files\dotnet\;C:\Program Files\Git\cmd;C:\Program Files (x86)\NVIDIA Corporation\PhysX\Common;C:\Program Files\NVIDIA Corporation\NVIDIA NvDLISR;C:\Program Files (x86)\Microsoft SQL Server\160\Tools\Binn\;C:\Program Files\Microsoft SQL Server\160\Tools\Binn\;C:\Program Files\Microsoft SQL Server\Client SDK\ODBC\170\Tools\Binn\;C:\Program Files\Microsoft SQL Server\160\DTS\Binn\;C:\Program Files (x86)\Microsoft SQL Server\160\DTS\Binn\;C:\Program Files\Azure Data Studio\bin;C:\Users\10376\AppData\Local\Programs\Python\Python36\Scripts\;C:\Users\10376\AppData\Local\Programs\Python\Python36\;C:\Users\10376\AppData\Local\Programs\Python\Python310\Scripts\;C:\Users\10376\AppData\Local\Programs\Python\Python310\;C:\Users\10376\AppData\Local\Programs\Python\Python311\Scripts\;C:\Users\10376\AppData\Local\Programs\Python\Python311\;C:\Users\10376\AppData\Local\Microsoft\WindowsApps;C:\Users\10376\Programs\IntelliJ IDEA Community Edition 2022.2.1\bin;C:\Users\10376\Programs\Microsoft VS Code\bin;C:\Users\10376\Programs\DataSpell 2022.2.1\bin;C:\Program Files\JetBrains\PyCharm Community Edition 2022.3\bin;C:\Program Files (x86)\Java\jre-1.8\bin
JRE paths:	;C:\Program Files (x86)\Common Files\Oracle\Java\javapath;C:\Windows\system32;C:\Windows;C:\Windows\System32\Wbem;C:\Windows\System32\WindowsPowerShell\v1.0\;C:\Windows\System32\OpenSSH\;C:\Program Files\dotnet\;C:\Program Files\Git\cmd;C:\Program Files (x86)\NVIDIA Corporation\PhysX\Common;C:\Program Files\NVIDIA Corporation\NVIDIA NvDLISR;C:\Program Files (x86)\Microsoft SQL Server\160\Tools\Binn\;C:\Program Files\Microsoft SQL Server\160\Tools\Binn\;C:\Program Files\Microsoft SQL Server\Client SDK\ODBC\170\Tools\Binn\;C:\Program Files\Microsoft SQL Server\160\DTS\Binn\;C:\Program Files (x86)\Microsoft SQL Server\160\DTS\Binn\;C:\Program Files\Azure Data Studio\bin;C:\Users\10376\AppData\Local\Programs\Python\Python36\Scripts\;C:\Users\10376\AppData\Local\Programs\Python\Python36\;C:\Users\10376\AppData\Local\Programs\Python\Python310\Scripts\;C:\Users\10376\AppData\Local\Programs\Python\Python310\;C:\Users\10376\AppData\Local\Programs\Python\Python311\Scripts\;C:\Users\10376\AppData\Local\Programs\Python\Python311\;C:\Users\10376\AppData\Local\Microsoft\WindowsApps;C:\Users\10376\Programs\IntelliJ IDEA Community Edition 2022.2.1\bin;C:\Users\10376\Programs\Microsoft VS Code\bin;C:\Users\10376\Programs\DataSpell 2022.2.1\bin;C:\Program Files\JetBrains\PyCharm Community Edition 2022.3\bin;C:\Program Files (x86)\Java\jre-1.8\bin
Check launcher:	C:\Program Files (x86)\Common Files\Oracle\Java\javapath\bin\javaw.exe (not found)
Check launcher:	C:\Windows\system32\bin\javaw.exe (not found)
Check launcher:	C:\Windows\bin\javaw.exe (not found)
Check launcher:	C:\Windows\System32\Wbem\bin\javaw.exe (not found)
Check launcher:	C:\Windows\System32\WindowsPowerShell\v1.0\bin\javaw.exe (not found)
Check launcher:	C:\Windows\System32\OpenSSH\bin\javaw.exe (not found)
Check launcher:	C:\Program Files\dotnet\bin\javaw.exe (not found)
Check launcher:	C:\Program Files\Git\cmd\bin\javaw.exe (not found)
Check launcher:	C:\Program Files (x86)\NVIDIA Corporation\PhysX\Common\bin\javaw.exe (not found)
Check launcher:	C:\Program Files\NVIDIA Corporation\NVIDIA NvDLISR\bin\javaw.exe (not found)
Check launcher:	C:\Program Files (x86)\Microsoft SQL Server\160\Tools\Binn\bin\javaw.exe (not found)
Check launcher:	C:\Program Files\Microsoft SQL Server\160\Tools\Binn\bin\javaw.exe (not found)
Check launcher:	C:\Program Files\Microsoft SQL Server\Client SDK\ODBC\170\Tools\Binn\bin\javaw.exe (not found)
Check launcher:	C:\Program Files\Microsoft SQL Server\160\DTS\Binn\bin\javaw.exe (not found)
Check launcher:	C:\Program Files (x86)\Microsoft SQL Server\160\DTS\Binn\bin\javaw.exe (not found)
Check launcher:	C:\Program Files\Azure Data Studio\bin\javaw.exe (not found)
Check launcher:	C:\Users\10376\AppData\Local\Programs\Python\Python36\Scripts\bin\javaw.exe (not found)
Check launcher:	C:\Users\10376\AppData\Local\Programs\Python\Python36\bin\javaw.exe (not found)
Check launcher:	C:\Users\10376\AppData\Local\Programs\Python\Python310\Scripts\bin\javaw.exe (not found)
Check launcher:	C:\Users\10376\AppData\Local\Programs\Python\Python310\bin\javaw.exe (not found)
Check launcher:	C:\Users\10376\AppData\Local\Programs\Python\Python311\Scripts\bin\javaw.exe (not found)
Check launcher:	C:\Users\10376\AppData\Local\Programs\Python\Python311\bin\javaw.exe (not found)
Check launcher:	C:\Users\10376\AppData\Local\Microsoft\WindowsApps\bin\javaw.exe (not found)
Check launcher:	C:\Users\10376\Programs\IntelliJ IDEA Community Edition 2022.2.1\bin\javaw.exe (not found)
Check launcher:	C:\Users\10376\Programs\Microsoft VS Code\bin\javaw.exe (not found)
Check launcher:	C:\Users\10376\Programs\DataSpell 2022.2.1\bin\javaw.exe (not found)
Check launcher:	C:\Program Files\JetBrains\PyCharm Community Edition 2022.3\bin\javaw.exe (not found)
Check launcher:	C:\Program Files (x86)\Java\jre-1.8\bin\javaw.exe (OK)
Version string: 1.008.000_371 / 32-Bit (OK)
Launcher:	C:\Program Files (x86)\Java\jre-1.8\bin\javaw.exe
Launcher args:	-jar "C:\Users\10376\Programming\IdeaProjects\DepthMap\out\artifacts\DepthMap_jar\DepthMap.exe"
Args length:	95/32768 chars
Exit code:	0


Version:	3.50
CmdLine:	C:\Users\10376\Programming\IdeaProjects\DepthMap\out\artifacts\DepthMap_jar\DepthMap.exe --l4j-debug
JNI:		No
WOW64:		Yes
Working dir:	C:\Users\10376\Programming\IdeaProjects\DepthMap\out\artifacts\DepthMap_jar\.
Requires JDK:	No
Requires 64-Bit: No
Java min ver:	
Java max ver:	
Substitute:	JAVA_HOME = 
Substitute:	PATH = C:\Program Files (x86)\Common Files\Oracle\Java\javapath;C:\Windows\system32;C:\Windows;C:\Windows\System32\Wbem;C:\Windows\System32\WindowsPowerShell\v1.0\;C:\Windows\System32\OpenSSH\;C:\Program Files\dotnet\;C:\Program Files\Git\cmd;C:\Program Files (x86)\NVIDIA Corporation\PhysX\Common;C:\Program Files\NVIDIA Corporation\NVIDIA NvDLISR;C:\Program Files (x86)\Microsoft SQL Server\160\Tools\Binn\;C:\Program Files\Microsoft SQL Server\160\Tools\Binn\;C:\Program Files\Microsoft SQL Server\Client SDK\ODBC\170\Tools\Binn\;C:\Program Files\Microsoft SQL Server\160\DTS\Binn\;C:\Program Files (x86)\Microsoft SQL Server\160\DTS\Binn\;C:\Program Files\Azure Data Studio\bin;C:\Users\10376\AppData\Local\Programs\Python\Python36\Scripts\;C:\Users\10376\AppData\Local\Programs\Python\Python36\;C:\Users\10376\AppData\Local\Programs\Python\Python310\Scripts\;C:\Users\10376\AppData\Local\Programs\Python\Python310\;C:\Users\10376\AppData\Local\Programs\Python\Python311\Scripts\;C:\Users\10376\AppData\Local\Programs\Python\Python311\;C:\Users\10376\AppData\Local\Microsoft\WindowsApps;C:\Users\10376\Programs\IntelliJ IDEA Community Edition 2022.2.1\bin;C:\Users\10376\Programs\Microsoft VS Code\bin;C:\Users\10376\Programs\DataSpell 2022.2.1\bin;C:\Program Files\JetBrains\PyCharm Community Edition 2022.3\bin;C:\Program Files (x86)\Java\jre-1.8\bin
JRE paths:	;C:\Program Files (x86)\Common Files\Oracle\Java\javapath;C:\Windows\system32;C:\Windows;C:\Windows\System32\Wbem;C:\Windows\System32\WindowsPowerShell\v1.0\;C:\Windows\System32\OpenSSH\;C:\Program Files\dotnet\;C:\Program Files\Git\cmd;C:\Program Files (x86)\NVIDIA Corporation\PhysX\Common;C:\Program Files\NVIDIA Corporation\NVIDIA NvDLISR;C:\Program Files (x86)\Microsoft SQL Server\160\Tools\Binn\;C:\Program Files\Microsoft SQL Server\160\Tools\Binn\;C:\Program Files\Microsoft SQL Server\Client SDK\ODBC\170\Tools\Binn\;C:\Program Files\Microsoft SQL Server\160\DTS\Binn\;C:\Program Files (x86)\Microsoft SQL Server\160\DTS\Binn\;C:\Program Files\Azure Data Studio\bin;C:\Users\10376\AppData\Local\Programs\Python\Python36\Scripts\;C:\Users\10376\AppData\Local\Programs\Python\Python36\;C:\Users\10376\AppData\Local\Programs\Python\Python310\Scripts\;C:\Users\10376\AppData\Local\Programs\Python\Python310\;C:\Users\10376\AppData\Local\Programs\Python\Python311\Scripts\;C:\Users\10376\AppData\Local\Programs\Python\Python311\;C:\Users\10376\AppData\Local\Microsoft\WindowsApps;C:\Users\10376\Programs\IntelliJ IDEA Community Edition 2022.2.1\bin;C:\Users\10376\Programs\Microsoft VS Code\bin;C:\Users\10376\Programs\DataSpell 2022.2.1\bin;C:\Program Files\JetBrains\PyCharm Community Edition 2022.3\bin;C:\Program Files (x86)\Java\jre-1.8\bin
Check launcher:	C:\Program Files (x86)\Common Files\Oracle\Java\javapath\bin\javaw.exe (not found)
Check launcher:	C:\Windows\system32\bin\javaw.exe (not found)
Check launcher:	C:\Windows\bin\javaw.exe (not found)
Check launcher:	C:\Windows\System32\Wbem\bin\javaw.exe (not found)
Check launcher:	C:\Windows\System32\WindowsPowerShell\v1.0\bin\javaw.exe (not found)
Check launcher:	C:\Windows\System32\OpenSSH\bin\javaw.exe (not found)
Check launcher:	C:\Program Files\dotnet\bin\javaw.exe (not found)
Check launcher:	C:\Program Files\Git\cmd\bin\javaw.exe (not found)
Check launcher:	C:\Program Files (x86)\NVIDIA Corporation\PhysX\Common\bin\javaw.exe (not found)
Check launcher:	C:\Program Files\NVIDIA Corporation\NVIDIA NvDLISR\bin\javaw.exe (not found)
Check launcher:	C:\Program Files (x86)\Microsoft SQL Server\160\Tools\Binn\bin\javaw.exe (not found)
Check launcher:	C:\Program Files\Microsoft SQL Server\160\Tools\Binn\bin\javaw.exe (not found)
Check launcher:	C:\Program Files\Microsoft SQL Server\Client SDK\ODBC\170\Tools\Binn\bin\javaw.exe (not found)
Check launcher:	C:\Program Files\Microsoft SQL Server\160\DTS\Binn\bin\javaw.exe (not found)
Check launcher:	C:\Program Files (x86)\Microsoft SQL Server\160\DTS\Binn\bin\javaw.exe (not found)
Check launcher:	C:\Program Files\Azure Data Studio\bin\javaw.exe (not found)
Check launcher:	C:\Users\10376\AppData\Local\Programs\Python\Python36\Scripts\bin\javaw.exe (not found)
Check launcher:	C:\Users\10376\AppData\Local\Programs\Python\Python36\bin\javaw.exe (not found)
Check launcher:	C:\Users\10376\AppData\Local\Programs\Python\Python310\Scripts\bin\javaw.exe (not found)
Check launcher:	C:\Users\10376\AppData\Local\Programs\Python\Python310\bin\javaw.exe (not found)
Check launcher:	C:\Users\10376\AppData\Local\Programs\Python\Python311\Scripts\bin\javaw.exe (not found)
Check launcher:	C:\Users\10376\AppData\Local\Programs\Python\Python311\bin\javaw.exe (not found)
Check launcher:	C:\Users\10376\AppData\Local\Microsoft\WindowsApps\bin\javaw.exe (not found)
Check launcher:	C:\Users\10376\Programs\IntelliJ IDEA Community Edition 2022.2.1\bin\javaw.exe (not found)
Check launcher:	C:\Users\10376\Programs\Microsoft VS Code\bin\javaw.exe (not found)
Check launcher:	C:\Users\10376\Programs\DataSpell 2022.2.1\bin\javaw.exe (not found)
Check launcher:	C:\Program Files\JetBrains\PyCharm Community Edition 2022.3\bin\javaw.exe (not found)
Check launcher:	C:\Program Files (x86)\Java\jre-1.8\bin\javaw.exe (OK)
Version string: 1.008.000_371 / 32-Bit (OK)
Launcher:	C:\Program Files (x86)\Java\jre-1.8\bin\javaw.exe
Launcher args:	-jar "C:\Users\10376\Programming\IdeaProjects\DepthMap\out\artifacts\DepthMap_jar\DepthMap.exe"
Args length:	95/32768 chars
Exit code:	0


Version:	3.50
CmdLine:	C:\Users\10376\Programming\IdeaProjects\DepthMap\out\artifacts\DepthMap_jar\DepthMap.exe --l4j-debug
JNI:		No
WOW64:		Yes
Working dir:	C:\Users\10376\Programming\IdeaProjects\DepthMap\out\artifacts\DepthMap_jar\.
Requires JDK:	No
Requires 64-Bit: No
Java min ver:	
Java max ver:	
JRE paths:	C:\Program Files\Java\jdk-18\bin
Check launcher:	C:\Program Files\Java\jdk-18\bin\javaw.exe (OK)
Version string: 1.018.000 / 64-Bit (OK)
Launcher:	C:\Program Files\Java\jdk-18\bin\javaw.exe
Launcher args:	-jar "C:\Users\10376\Programming\IdeaProjects\DepthMap\out\artifacts\DepthMap_jar\DepthMap.exe"
Args length:	95/32768 chars
Exit code:	0
